<?xml version="1.0" encoding="UTF-8"?>
<testsuites name="BT_Authorization test suite" time="21" tests="1" failures="1" errors="0">
   <testsuite name="BT_Authorization test suite" tests="1" failures="1" errors="0" time="21" timestamp="2018-05-21 12:42:47" hostname="A. Kubitsky - firiat" id="Test Suites/BT_Authorization test suite">
      <properties>
         <property name="deviceName" value=""/>
         <property name="devicePlatform" value=""/>
         <property name="logFolder" value="C:\\Users\\A. Kubitsky\\Katalon Studio\\df\\Reports\\BT_Authorization test suite\\20180521_124245"/>
         <property name="logFiles" value="C:\\Users\\A. Kubitsky\\Katalon Studio\\df\\Reports\\BT_Authorization test suite\\20180521_124245\\execution0.log"/>
         <property name="attachments" value=""/>
         <property name="hostName" value="A. Kubitsky - firiat"/>
         <property name="os" value="Windows 10 64bit"/>
         <property name="katalonVersion" value="5.4.1.1"/>
         <property name="browser" value="Chrome 66.0.3359.170"/>
         <property name="hostAddress" value="192.168.32.52"/>
         <property name="sessionId" value="77105a9efc06f61b530f9b0f86d1c4c9"/>
         <property name="seleniumVersion" value="3.7.1"/>
         <property name="proxyInformation" value="ProxyInformation{proxyOption=NO_PROXY, proxyServerType=HTTP, password=, proxyServerAddress=, proxyServerPort=0}"/>
         <property name="platform" value="Windows 10"/>
      </properties>
      <testcase name="Test Cases/BT-12_Login_valid" classname="Test Cases/BT-12_Login_valid" status="PASSED">
         <system-out><![CDATA[2018-05-21 12:42:47 - [TEST_CASE][PASSED] - Test Cases/BT-12_Login_valid: Test Cases/BT-12_Login_valid

2018-05-21 12:42:48 - [TEST_STEP][PASSED] - openBrowser: Browser is opened with url: ''

2018-05-21 12:42:51 - [MESSAGE][PASSED] - Browser is opened with url: ''

2018-05-21 12:42:51 - [TEST_STEP][PASSED] - navigateToUrl: Navigate to 'https://stage.bitsane.com/' successfully

2018-05-21 12:42:52 - [MESSAGE][PASSED] - Navigate to 'https://stage.bitsane.com/' successfully

2018-05-21 12:42:52 - [TEST_STEP][PASSED] - maximizeWindow: Current window maximized

2018-05-21 12:42:53 - [MESSAGE][PASSED] - Current window maximized

2018-05-21 12:42:53 - [TEST_STEP][PASSED] - waitForPageLoad: Wait for page load successfully

2018-05-21 12:42:53 - [MESSAGE][PASSED] - Wait for page load successfully

2018-05-21 12:42:53 - [TEST_STEP][PASSED] - click: Object: 'Object Repository/Page_Bitsane/a_Log in' is clicked on

2018-05-21 12:42:54 - [MESSAGE][PASSED] - Object: 'Object Repository/Page_Bitsane/a_Log in' is clicked on

2018-05-21 12:42:54 - [TEST_STEP][PASSED] - setText: Text 'ax.kubitsky@gmail.com' is set on object 'Object Repository/Page_Bitsane Exchange  Login/input_login'

2018-05-21 12:42:55 - [MESSAGE][PASSED] - Text 'ax.kubitsky@gmail.com' is set on object 'Object Repository/Page_Bitsane Exchange  Login/input_login'

2018-05-21 12:42:55 - [TEST_STEP][PASSED] - setText: Text '807a4F3f3' is set on object 'Object Repository/Page_Bitsane Exchange  Login/input_password'

2018-05-21 12:42:55 - [MESSAGE][PASSED] - Text '807a4F3f3' is set on object 'Object Repository/Page_Bitsane Exchange  Login/input_password'

2018-05-21 12:42:55 - [TEST_STEP][PASSED] - click: Object: 'Object Repository/Page_Bitsane Exchange  Login/input_send' is clicked on

2018-05-21 12:42:55 - [MESSAGE][PASSED] - Object: 'Object Repository/Page_Bitsane Exchange  Login/input_send' is clicked on

2018-05-21 12:42:55 - [TEST_STEP][PASSED] - delay: Delayed 0 second(s)

2018-05-21 12:42:55 - [MESSAGE][PASSED] - Delayed 0 second(s)]]></system-out>
         <system-err><![CDATA[]]></system-err>
      </testcase>
      <testcase name="Test Cases/BT-16_Login_invalid" classname="Test Cases/BT-16_Login_invalid" status="FAILED">
         <failure type="FAILED" message="Unable to wait for page load (Root cause: org.openqa.selenium.TimeoutException: Expected condition failed: waiting for com.kms.katalon.core.webui.keyword.builtin.WaitForPageLoadKeyword$1@341a8659 (tried for 2 second(s) with 500 MILLISECONDS interval))"/>
         <system-out><![CDATA[2018-05-21 12:42:55 - [TEST_CASE][FAILED] - Test Cases/BT-16_Login_invalid: Test Cases/BT-16_Login_invalid FAILED because (of) Unable to wait for page load (Root cause: org.openqa.selenium.TimeoutException: Expected condition failed: waiting for com.kms.katalon.core.webui.keyword.builtin.WaitForPageLoadKeyword$1@341a8659 (tried for 2 second(s) with 500 MILLISECONDS interval))

2018-05-21 12:42:56 - [TEST_STEP][PASSED] - openBrowser: Browser is opened with url: ''

2018-05-21 12:42:56 - [MESSAGE][WARNING] - A browser is already opened. Closing browser and opening a new one

2018-05-21 12:42:59 - [MESSAGE][PASSED] - Browser is opened with url: ''

2018-05-21 12:42:59 - [TEST_STEP][PASSED] - navigateToUrl: Navigate to 'https://stage.bitsane.com/' successfully

2018-05-21 12:43:00 - [MESSAGE][PASSED] - Navigate to 'https://stage.bitsane.com/' successfully

2018-05-21 12:43:00 - [TEST_STEP][PASSED] - maximizeWindow: Current window maximized

2018-05-21 12:43:06 - [MESSAGE][PASSED] - Current window maximized

2018-05-21 12:43:06 - [TEST_STEP][FAILED] - waitForPageLoad: Unable to wait for page load (Root cause: org.openqa.selenium.TimeoutException: Expected condition failed: waiting for com.kms.katalon.core.webui.keyword.builtin.WaitForPageLoadKeyword$1@341a8659 (tried for 2 second(s) with 500 MILLISECONDS interval))

2018-05-21 12:43:08 - [MESSAGE][WARNING] - Cannot take screenshot

2018-05-21 12:43:08 - [MESSAGE][FAILED] - Unable to wait for page load (Root cause: org.openqa.selenium.TimeoutException: Expected condition failed: waiting for com.kms.katalon.core.webui.keyword.builtin.WaitForPageLoadKeyword$1@341a8659 (tried for 2 second(s) with 500 MILLISECONDS interval))]]></system-out>
         <system-err><![CDATA[2018-05-21 12:42:55 - [TEST_CASE][FAILED] - Test Cases/BT-16_Login_invalid: Test Cases/BT-16_Login_invalid FAILED because (of) Unable to wait for page load (Root cause: org.openqa.selenium.TimeoutException: Expected condition failed: waiting for com.kms.katalon.core.webui.keyword.builtin.WaitForPageLoadKeyword$1@341a8659 (tried for 2 second(s) with 500 MILLISECONDS interval))]]></system-err>
      </testcase>
      <system-out><![CDATA[2018-05-21 12:42:47 - [TEST_SUITE][FAILED] - BT_Authorization test suite: Test Cases/BT-16_Login_invalid FAILED because (of) Unable to wait for page load (Root cause: org.openqa.selenium.TimeoutException: Expected condition failed: waiting for com.kms.katalon.core.webui.keyword.builtin.WaitForPageLoadKeyword$1@341a8659 (tried for 2 second(s) with 500 MILLISECONDS interval))]]></system-out>
      <system-err><![CDATA[2018-05-21 12:42:47 - [TEST_SUITE][FAILED] - BT_Authorization test suite: Test Cases/BT-16_Login_invalid FAILED because (of) Unable to wait for page load (Root cause: org.openqa.selenium.TimeoutException: Expected condition failed: waiting for com.kms.katalon.core.webui.keyword.builtin.WaitForPageLoadKeyword$1@341a8659 (tried for 2 second(s) with 500 MILLISECONDS interval))]]></system-err>
   </testsuite>
</testsuites>
